# JRE version: OpenJDK Runtime Environment (11.0.24+8) (build 11.0.24+8-post-Ubuntu-1ubuntu320.04)
# Java VM: OpenJDK 64-Bit Server VM (11.0.24+8-post-Ubuntu-1ubuntu320.04, mixed mode, sharing, tiered, compressed oops, g1 gc, linux-amd64)
Heap:
 garbage-first heap   total 27648K, used 5884K [0x00000000c0000000, 0x0000000100000000)
  region size 1024K, 1 young (1024K), 0 survivors (0K)
 Metaspace       used 2346K, capacity 4905K, committed 5120K, reserved 1056768K
  class space    used 204K, capacity 457K, committed 512K, reserved 1048576K
GC Heap History (20 events):
Event: 7.800 GC heap before
{Heap before GC invocations=30 (full 25):
 garbage-first heap   total 27648K, used 5884K [0x00000000c0000000, 0x0000000100000000)
  region size 1024K, 1 young (1024K), 0 survivors (0K)
 Metaspace       used 2339K, capacity 4905K, committed 5120K, reserved 1056768K
  class space    used 202K, capacity 457K, committed 512K, reserved 1048576K
}
Event: 7.809 GC heap after
{Heap after GC invocations=31 (full 26):
 garbage-first heap   total 27648K, used 5884K [0x00000000c0000000, 0x0000000100000000)
  region size 1024K, 0 young (0K), 0 survivors (0K)
 Metaspace       used 2339K, capacity 4905K, committed 5120K, reserved 1056768K
  class space    used 202K, capacity 457K, committed 512K, reserved 1048576K
}
Event: 8.230 GC heap before
{Heap before GC invocations=31 (full 26):
 garbage-first heap   total 27648K, used 5884K [0x00000000c0000000, 0x0000000100000000)
  region size 1024K, 1 young (1024K), 0 survivors (0K)
 Metaspace       used 2339K, capacity 4905K, committed 5120K, reserved 1056768K
  class space    used 202K, capacity 457K, committed 512K, reserved 1048576K
}
Event: 8.239 GC heap after
{Heap after GC invocations=32 (full 27):
 garbage-first heap   total 27648K, used 5884K [0x00000000c0000000, 0x0000000100000000)
  region size 1024K, 0 young (0K), 0 survivors (0K)
 Metaspace       used 2339K, capacity 4905K, committed 5120K, reserved 1056768K
  class space    used 202K, capacity 457K, committed 512K, reserved 1048576K
}
Event: 8.391 GC heap before
{Heap before GC invocations=32 (full 27):
 garbage-first heap   total 27648K, used 5884K [0x00000000c0000000, 0x0000000100000000)
  region size 1024K, 1 young (1024K), 0 survivors (0K)
 Metaspace       used 2339K, capacity 4905K, committed 5120K, reserved 1056768K
  class space    used 202K, capacity 457K, committed 512K, reserved 1048576K
}
Event: 8.399 GC heap after
{Heap after GC invocations=33 (full 28):
 garbage-first heap   total 27648K, used 5884K [0x00000000c0000000, 0x0000000100000000)
  region size 1024K, 0 young (0K), 0 survivors (0K)
 Metaspace       used 2339K, capacity 4905K, committed 5120K, reserved 1056768K
  class space    used 202K, capacity 457K, committed 512K, reserved 1048576K
}
Event: 8.829 GC heap before
{Heap before GC invocations=33 (full 28):
 garbage-first heap   total 27648K, used 5884K [0x00000000c0000000, 0x0000000100000000)
  region size 1024K, 1 young (1024K), 0 survivors (0K)
 Metaspace       used 2339K, capacity 4905K, committed 5120K, reserved 1056768K
  class space    used 202K, capacity 457K, committed 512K, reserved 1048576K
}
Event: 8.837 GC heap after
{Heap after GC invocations=34 (full 29):
 garbage-first heap   total 27648K, used 5884K [0x00000000c0000000, 0x0000000100000000)
  region size 1024K, 0 young (0K), 0 survivors (0K)
 Metaspace       used 2339K, capacity 4905K, committed 5120K, reserved 1056768K
  class space    used 202K, capacity 457K, committed 512K, reserved 1048576K
}
Event: 8.998 GC heap before
{Heap before GC invocations=34 (full 29):
 garbage-first heap   total 27648K, used 5884K [0x00000000c0000000, 0x0000000100000000)
  region size 1024K, 1 young (1024K), 0 survivors (0K)
 Metaspace       used 2339K, capacity 4905K, committed 5120K, reserved 1056768K
  class space    used 202K, capacity 457K, committed 512K, reserved 1048576K
}
Event: 9.007 GC heap after
{Heap after GC invocations=35 (full 30):
 garbage-first heap   total 27648K, used 5884K [0x00000000c0000000, 0x0000000100000000)
  region size 1024K, 0 young (0K), 0 survivors (0K)
 Metaspace       used 2339K, capacity 4905K, committed 5120K, reserved 1056768K
  class space    used 202K, capacity 457K, committed 512K, reserved 1048576K
}
Event: 9.156 GC heap before
{Heap before GC invocations=35 (full 30):
 garbage-first heap   total 27648K, used 5884K [0x00000000c0000000, 0x0000000100000000)
  region size 1024K, 1 young (1024K), 0 survivors (0K)
 Metaspace       used 2339K, capacity 4905K, committed 5120K, reserved 1056768K
  class space    used 202K, capacity 457K, committed 512K, reserved 1048576K
}
Event: 9.166 GC heap after
{Heap after GC invocations=36 (full 31):
 garbage-first heap   total 27648K, used 5884K [0x00000000c0000000, 0x0000000100000000)
  region size 1024K, 0 young (0K), 0 survivors (0K)
 Metaspace       used 2339K, capacity 4905K, committed 5120K, reserved 1056768K
  class space    used 202K, capacity 457K, committed 512K, reserved 1048576K
}
Event: 9.623 GC heap before
{Heap before GC invocations=36 (full 31):
 garbage-first heap   total 27648K, used 5884K [0x00000000c0000000, 0x0000000100000000)
  region size 1024K, 1 young (1024K), 0 survivors (0K)
 Metaspace       used 2339K, capacity 4905K, committed 5120K, reserved 1056768K
  class space    used 202K, capacity 457K, committed 512K, reserved 1048576K
}
Event: 9.632 GC heap after
{Heap after GC invocations=37 (full 32):
 garbage-first heap   total 27648K, used 5884K [0x00000000c0000000, 0x0000000100000000)
  region size 1024K, 0 young (0K), 0 survivors (0K)
 Metaspace       used 2339K, capacity 4905K, committed 5120K, reserved 1056768K
  class space    used 202K, capacity 457K, committed 512K, reserved 1048576K
}
Event: 9.638 GC heap before
{Heap before GC invocations=37 (full 32):
 garbage-first heap   total 27648K, used 5884K [0x00000000c0000000, 0x0000000100000000)
  region size 1024K, 1 young (1024K), 0 survivors (0K)
 Metaspace       used 2339K, capacity 4905K, committed 5120K, reserved 1056768K
  class space    used 202K, capacity 457K, committed 512K, reserved 1048576K
}
Event: 9.645 GC heap after
{Heap after GC invocations=38 (full 33):
 garbage-first heap   total 27648K, used 5884K [0x00000000c0000000, 0x0000000100000000)
  region size 1024K, 0 young (0K), 0 survivors (0K)
 Metaspace       used 2339K, capacity 4905K, committed 5120K, reserved 1056768K
  class space    used 202K, capacity 457K, committed 512K, reserved 1048576K
}
Event: 9.802 GC heap before
{Heap before GC invocations=38 (full 33):
 garbage-first heap   total 27648K, used 5884K [0x00000000c0000000, 0x0000000100000000)
  region size 1024K, 1 young (1024K), 0 survivors (0K)
 Metaspace       used 2339K, capacity 4905K, committed 5120K, reserved 1056768K
  class space    used 202K, capacity 457K, committed 512K, reserved 1048576K
}
Event: 9.810 GC heap after
{Heap after GC invocations=39 (full 34):
 garbage-first heap   total 27648K, used 5884K [0x00000000c0000000, 0x0000000100000000)
  region size 1024K, 0 young (0K), 0 survivors (0K)
 Metaspace       used 2339K, capacity 4905K, committed 5120K, reserved 1056768K
  class space    used 202K, capacity 457K, committed 512K, reserved 1048576K
}
Event: 9.955 GC heap before
{Heap before GC invocations=39 (full 34):
 garbage-first heap   total 27648K, used 5884K [0x00000000c0000000, 0x0000000100000000)
  region size 1024K, 1 young (1024K), 0 survivors (0K)
 Metaspace       used 2339K, capacity 4905K, committed 5120K, reserved 1056768K
  class space    used 202K, capacity 457K, committed 512K, reserved 1048576K
}
Event: 9.963 GC heap after
{Heap after GC invocations=40 (full 35):
 garbage-first heap   total 27648K, used 5884K [0x00000000c0000000, 0x0000000100000000)
  region size 1024K, 0 young (0K), 0 survivors (0K)
 Metaspace       used 2339K, capacity 4905K, committed 5120K, reserved 1056768K
  class space    used 202K, capacity 457K, committed 512K, reserved 1048576K
}

